Performing C SOURCE FILE Test CMAKE_HAVE_LIBC_PTHREAD failed with the following output:
Change Dir: /home/myralllka/Documents/AoCS/paralel_integral/cmake-build-debug/CMakeFiles/CMakeTmp

Run Build Command(s):/usr/bin/make cmTC_8c173/fast && /usr/bin/make -f CMakeFiles/cmTC_8c173.dir/build.make CMakeFiles/cmTC_8c173.dir/build
make[1]: Entering directory '/home/myralllka/Documents/AoCS/paralel_integral/cmake-build-debug/CMakeFiles/CMakeTmp'
Building C object CMakeFiles/cmTC_8c173.dir/src.c.o
/usr/bin/cc   -DCMAKE_HAVE_LIBC_PTHREAD   -o CMakeFiles/cmTC_8c173.dir/src.c.o   -c /home/myralllka/Documents/AoCS/paralel_integral/cmake-build-debug/CMakeFiles/CMakeTmp/src.c
Linking C executable cmTC_8c173
/opt/clion/bin/cmake/linux/bin/cmake -E cmake_link_script CMakeFiles/cmTC_8c173.dir/link.txt --verbose=1
/usr/bin/cc  -DCMAKE_HAVE_LIBC_PTHREAD    CMakeFiles/cmTC_8c173.dir/src.c.o  -o cmTC_8c173 
/usr/bin/ld: CMakeFiles/cmTC_8c173.dir/src.c.o: in function `main':
src.c:(.text+0x3e): undefined reference to `pthread_create'
/usr/bin/ld: src.c:(.text+0x4a): undefined reference to `pthread_detach'
/usr/bin/ld: src.c:(.text+0x5b): undefined reference to `pthread_join'
collect2: error: ld returned 1 exit status
make[1]: *** [CMakeFiles/cmTC_8c173.dir/build.make:87: cmTC_8c173] Error 1
make[1]: Leaving directory '/home/myralllka/Documents/AoCS/paralel_integral/cmake-build-debug/CMakeFiles/CMakeTmp'
make: *** [Makefile:121: cmTC_8c173/fast] Error 2


Source file was:
#include <pthread.h>

void* test_func(void* data)
{
  return data;
}

int main(void)
{
  pthread_t thread;
  pthread_create(&thread, NULL, test_func, NULL);
  pthread_detach(thread);
  pthread_join(thread, NULL);
  pthread_atfork(NULL, NULL, NULL);
  pthread_exit(NULL);

  return 0;
}

Determining if the function pthread_create exists in the pthreads failed with the following output:
Change Dir: /home/myralllka/Documents/AoCS/paralel_integral/cmake-build-debug/CMakeFiles/CMakeTmp

Run Build Command(s):/usr/bin/make cmTC_e9c4c/fast && /usr/bin/make -f CMakeFiles/cmTC_e9c4c.dir/build.make CMakeFiles/cmTC_e9c4c.dir/build
make[1]: Entering directory '/home/myralllka/Documents/AoCS/paralel_integral/cmake-build-debug/CMakeFiles/CMakeTmp'
Building C object CMakeFiles/cmTC_e9c4c.dir/CheckFunctionExists.c.o
/usr/bin/cc   -DCHECK_FUNCTION_EXISTS=pthread_create   -o CMakeFiles/cmTC_e9c4c.dir/CheckFunctionExists.c.o   -c /opt/clion/bin/cmake/linux/share/cmake-3.15/Modules/CheckFunctionExists.c
Linking C executable cmTC_e9c4c
/opt/clion/bin/cmake/linux/bin/cmake -E cmake_link_script CMakeFiles/cmTC_e9c4c.dir/link.txt --verbose=1
/usr/bin/cc  -DCHECK_FUNCTION_EXISTS=pthread_create    CMakeFiles/cmTC_e9c4c.dir/CheckFunctionExists.c.o  -o cmTC_e9c4c -lpthreads 
/usr/bin/ld: cannot find -lpthreads
collect2: error: ld returned 1 exit status
make[1]: *** [CMakeFiles/cmTC_e9c4c.dir/build.make:87: cmTC_e9c4c] Error 1
make[1]: Leaving directory '/home/myralllka/Documents/AoCS/paralel_integral/cmake-build-debug/CMakeFiles/CMakeTmp'
make: *** [Makefile:121: cmTC_e9c4c/fast] Error 2



